<?xml version="1.0" encoding="UTF-8"?>
<!-- Generated by org.testng.reporters.JUnitXMLReporter -->
<testsuite hostname="ip-172-31-28-19" ignored="6" name="Default test" tests="4" failures="0" timestamp="15 Apr 2023 06:53:56 GMT" time="0.134" errors="0">
  <testcase name="test3" time="0.016" classname="TestCase.CarLoans"/>
  <testcase name="test1" time="0.006" classname="TestCase.HomeLoans"/>
  <testcase name="test2" time="0.004" classname="TestCase.HomeLoans"/>
  <testcase name="test4" time="0.002" classname="TestCase.CreditCards"/>
  <testcase name="@AfterTest Method4" time="0.0" classname="TestCase.BaseClass">
    <ignored/>
  </testcase> <!-- @AfterTest Method4 -->
  <testcase name="@AfterTest Method4" time="0.0" classname="TestCase.BaseClass">
    <ignored/>
  </testcase> <!-- @AfterTest Method4 -->
  <testcase name="@AfterTest Method4" time="0.0" classname="TestCase.BaseClass">
    <ignored/>
  </testcase> <!-- @AfterTest Method4 -->
  <testcase name="@BeforeTest Method3" time="0.0" classname="TestCase.BaseClass">
    <ignored/>
  </testcase> <!-- @BeforeTest Method3 -->
  <testcase name="@BeforeTest Method3" time="0.0" classname="TestCase.BaseClass">
    <ignored/>
  </testcase> <!-- @BeforeTest Method3 -->
  <testcase name="@BeforeTest Method3" time="0.0" classname="TestCase.BaseClass">
    <ignored/>
  </testcase> <!-- @BeforeTest Method3 -->
</testsuite> <!-- Default test -->
