<?xml version="1.0" encoding="UTF-8"?>
<!-- Generated by org.testng.reporters.JUnitXMLReporter -->
<testsuite hostname="ip-172-31-28-19" ignored="4" name="Test" tests="1" failures="0" timestamp="16 Apr 2023 03:58:45 GMT" time="0.094" errors="0">
  <testcase name="test2" time="0.006" classname="TestCase.HomeLoans"/>
  <testcase name="@AfterTest Method4" time="0.0" classname="TestCase.BaseClass">
    <ignored/>
  </testcase> <!-- @AfterTest Method4 -->
  <testcase name="@AfterTest Method4" time="0.0" classname="TestCase.BaseClass">
    <ignored/>
  </testcase> <!-- @AfterTest Method4 -->
  <testcase name="@BeforeTest Method3" time="0.0" classname="TestCase.BaseClass">
    <ignored/>
  </testcase> <!-- @BeforeTest Method3 -->
  <testcase name="@BeforeTest Method3" time="0.0" classname="TestCase.BaseClass">
    <ignored/>
  </testcase> <!-- @BeforeTest Method3 -->
</testsuite> <!-- Test -->
