<?xml version="1.0" encoding="UTF-8"?>
<!-- Generated by org.testng.reporters.JUnitXMLReporter -->
<testsuite hostname="ip-172-31-28-19" ignored="7" name="Test" tests="1" failures="0" timestamp="23 Apr 2023 17:32:38 GMT" time="0.038" errors="0">
  <testcase name="test1" time="0.005" classname="TestCase.HomeLoans"/>
  <testcase name="test3" time="0.0" classname="TestCase.CarLoans">
    <ignored/>
  </testcase> <!-- test3 -->
  <testcase name="@AfterTest Method4" time="0.0" classname="TestCase.BaseClass">
    <ignored/>
  </testcase> <!-- @AfterTest Method4 -->
  <testcase name="@AfterTest Method4" time="0.0" classname="TestCase.BaseClass">
    <ignored/>
  </testcase> <!-- @AfterTest Method4 -->
  <testcase name="@BeforeTest Method3" time="0.0" classname="TestCase.BaseClass">
    <ignored/>
  </testcase> <!-- @BeforeTest Method3 -->
  <testcase name="@BeforeTest Method3" time="0.0" classname="TestCase.BaseClass">
    <ignored/>
  </testcase> <!-- @BeforeTest Method3 -->
  <testcase name="test4" time="0.0" classname="TestCase.CreditCards">
    <ignored/>
  </testcase> <!-- test4 -->
  <testcase name="test2" time="0.0" classname="TestCase.HomeLoans">
    <ignored/>
  </testcase> <!-- test2 -->
</testsuite> <!-- Test -->
